<?xml version="1.0" encoding="UTF-8"?>
<!-- Generated by org.testng.reporters.JUnitReportReporter -->
<testsuite hostname="DESKTOP-OCHNCFG" failures="0" tests="1" name="testcases.HomeTest" time="32.729" errors="0" timestamp="2022-09-13T15:02:49 IST" skipped="0">
  <testcase classname="testcases.HomeTest" name="Test1" time="32.729"/>
  <system-out/>
</testsuite> <!-- testcases.HomeTest -->
