<?xml version="1.0" encoding="UTF-8"?>
<!-- Generated by org.testng.reporters.JUnitReportReporter -->
<testsuite hostname="DESKTOP-OCHNCFG" failures="0" tests="3" name="testcases.SimplilearnLogin" time="146.857" errors="0" timestamp="2022-09-17T10:05:34 IST" skipped="0">
  <testcase classname="testcases.SimplilearnLogin" name="Test1" time="66.823"/>
  <system-out/>
  <testcase classname="testcases.SimplilearnLogin" name="Test2" time="52.772"/>
  <system-out/>
  <testcase classname="testcases.SimplilearnLogin" name="Test3" time="27.262"/>
  <system-out/>
</testsuite> <!-- testcases.SimplilearnLogin -->
