<?xml version="1.0" encoding="UTF-8"?>
<!-- Generated by org.testng.reporters.JUnitReportReporter -->
<testsuite skipped="0" hostname="DESKTOP-OCHNCFG" name="testcases.HomeTest" tests="1" failures="0" timestamp="2022-09-11T11:38:45 IST" time="7.820" errors="0">
  <testcase name="Test1" time="7.820" classname="testcases.HomeTest"/>
  <system-out/>
</testsuite> <!-- testcases.HomeTest -->
